g:\qqpcmgr\desktop\webbrowser-master\webbrowser-master\webbrowser\debug\vc120.pdb
g:\qqpcmgr\desktop\webbrowser-master\webbrowser-master\webbrowser\debug\vc120.idb
g:\qqpcmgr\desktop\webbrowser-master\webbrowser-master\webbrowser\debug\library.obj
g:\qqpcmgr\desktop\webbrowser-master\webbrowser-master\webbrowser\debug\main.obj
g:\qqpcmgr\desktop\webbrowser-master\webbrowser-master\webbrowser\debug\webbrowser.obj
g:\qqpcmgr\desktop\webbrowser-master\webbrowser-master\webbrowser\debug\res.res
g:\qqpcmgr\desktop\webbrowser-master\webbrowser-master\webbrowser\debug\webbrowser.exe.embed.manifest.res
g:\qqpcmgr\desktop\webbrowser-master\webbrowser-master\webbrowser\debug\webbrowser.exe.embed.manifest
g:\qqpcmgr\desktop\webbrowser-master\webbrowser-master\webbrowser\debug\webbrowser.exe.intermediate.manifest
g:\qqpcmgr\desktop\webbrowser-master\webbrowser-master\webbrowser\debug\vc90.idb
g:\qqpcmgr\desktop\webbrowser-master\webbrowser-master\webbrowser\debug\vc90.pdb
g:\qqpcmgr\desktop\webbrowser-master\webbrowser-master\webbrowser\debug\webbrowser_manifest.rc
g:\qqpcmgr\desktop\webbrowser-master\webbrowser-master\debug\webbrowser.pdb
g:\qqpcmgr\desktop\webbrowser-master\webbrowser-master\webbrowser\debug\webbrowser.tlog\cl.command.1.tlog
g:\qqpcmgr\desktop\webbrowser-master\webbrowser-master\webbrowser\debug\webbrowser.tlog\cl.read.1.tlog
g:\qqpcmgr\desktop\webbrowser-master\webbrowser-master\webbrowser\debug\webbrowser.tlog\cl.write.1.tlog
g:\qqpcmgr\desktop\webbrowser-master\webbrowser-master\webbrowser\debug\webbrowser.tlog\link-cvtres.read.1.tlog
g:\qqpcmgr\desktop\webbrowser-master\webbrowser-master\webbrowser\debug\webbrowser.tlog\link-cvtres.write.1.tlog
g:\qqpcmgr\desktop\webbrowser-master\webbrowser-master\webbrowser\debug\webbrowser.tlog\link-mt.read.1.tlog
g:\qqpcmgr\desktop\webbrowser-master\webbrowser-master\webbrowser\debug\webbrowser.tlog\link-mt.write.1.tlog
g:\qqpcmgr\desktop\webbrowser-master\webbrowser-master\webbrowser\debug\webbrowser.tlog\link-rc.read.1.tlog
g:\qqpcmgr\desktop\webbrowser-master\webbrowser-master\webbrowser\debug\webbrowser.tlog\link-rc.write.1.tlog
g:\qqpcmgr\desktop\webbrowser-master\webbrowser-master\webbrowser\debug\webbrowser.tlog\link.command.1.tlog
g:\qqpcmgr\desktop\webbrowser-master\webbrowser-master\webbrowser\debug\webbrowser.tlog\link.read.1.tlog
g:\qqpcmgr\desktop\webbrowser-master\webbrowser-master\webbrowser\debug\webbrowser.tlog\link.write.1.tlog
g:\qqpcmgr\desktop\webbrowser-master\webbrowser-master\webbrowser\debug\webbrowser.tlog\rc.command.1.tlog
g:\qqpcmgr\desktop\webbrowser-master\webbrowser-master\webbrowser\debug\webbrowser.tlog\rc.read.1.tlog
g:\qqpcmgr\desktop\webbrowser-master\webbrowser-master\webbrowser\debug\webbrowser.tlog\rc.write.1.tlog
