Build started 2018/7/13 星期五 19:56:50.
     1>Project "G:\QQPCMgr\Desktop\WebBrowser-master\WebBrowser-master\WebBrowser\WebBrowser.vcxproj" on node 2 (Build target(s)).
     1>ClCompile:
         C:\Program Files (x86)\Microsoft Visual Studio 12.0\VC\bin\CL.exe /c /I"G:\QQPCmgr\Desktop\WebBrowser-master\WebBrowser-master\WebBrowser" /I"C:\Program Files (x86)\Visual Leak Detector\include" /ZI /nologo /W3 /WX- /Od /Oy- /D WIN32 /D _DEBUG /D _WINDOWS /D _UNICODE /D UNICODE /Gm /EHsc /RTC1 /MDd /GS /fp:precise /Zc:wchar_t /Zc:forScope /Fo"Debug\\" /Fd"Debug\vc120.pdb" /Gd /TP /analyze- /errorReport:prompt WebBrowser.cpp main.cpp webbrowser_test\main_form.cpp
         WebBrowser.cpp
         Generating Code...
         Compiling...
         main_form.cpp
         main.cpp
         Generating Code...
       Link:
         C:\Program Files (x86)\Microsoft Visual Studio 12.0\VC\bin\link.exe /ERRORREPORT:PROMPT /OUT:"G:\QQPCMgr\Desktop\WebBrowser-master\WebBrowser-master\Debug\WebBrowser.exe" /INCREMENTAL /NOLOGO /LIBPATH:"C:\Program Files (x86)\Visual Leak Detector\lib\Win32" kernel32.lib user32.lib gdi32.lib winspool.lib comdlg32.lib advapi32.lib shell32.lib ole32.lib oleaut32.lib uuid.lib odbc32.lib odbccp32.lib /MANIFEST /MANIFESTUAC:"level='asInvoker' uiAccess='false'" /manifest:embed /manifestinput:res\mf.manifest /DEBUG /PDB:"G:\QQPCMgr\Desktop\WebBrowser-master\WebBrowser-master\Debug\WebBrowser.pdb" /SUBSYSTEM:WINDOWS /TLBID:1 /DYNAMICBASE:NO /IMPLIB:"G:\QQPCMgr\Desktop\WebBrowser-master\WebBrowser-master\Debug\WebBrowser.lib" /MACHINE:X86 /SAFESEH Debug\res.res
         Debug\path_helper.obj
         Debug\Library.obj
         Debug\main.obj
         Debug\WebBrowser.obj
         Debug\call_js_test.obj
         Debug\js_call_client_test.obj
         Debug\main_form.obj
         WebBrowser.vcxproj -> G:\QQPCMgr\Desktop\WebBrowser-master\WebBrowser-master\Debug\WebBrowser.exe
     1>Done Building Project "G:\QQPCMgr\Desktop\WebBrowser-master\WebBrowser-master\WebBrowser\WebBrowser.vcxproj" (Build target(s)).

Build succeeded.

Time Elapsed 00:00:19.03
